Started by user [8mha:////4LUpBPEMWyDWtdtHvvWHlbpAlRv6IgzcrMHryjVwgjhUAAAAoR+LCAAAAAAAAP9b85aBtbiIQTGjNKU4P08vOT+vOD8nVc83PyU1x6OyILUoJzMv2y+/JJUBAhiZGBgqihhk0NSjKDWzXb3RdlLBUSYGJk8GtpzUvPSSDB8G5tKinBIGIZ+sxLJE/ZzEvHT94JKizLx0a6BxUmjGOUNodHsLgAyeEgZR/dLi1CL94IzEotSA/My8Ev/i5MQiAEhiGyXKAAAA[0mOscar Medina
Building in workspace /var/jenkins_home/workspace/LiteratureNodeJSApp
 > git rev-parse --is-inside-work-tree # timeout=10
Fetching changes from the remote Git repository
 > git config remote.origin.url https://github.com/SharePointOscar/ZSPharmaLiteratureApp.git # timeout=10
Fetching upstream changes from https://github.com/SharePointOscar/ZSPharmaLiteratureApp.git
 > git --version # timeout=10
using GIT_ASKPASS to set credentials Docker Hub Credentials
 > git fetch --tags --progress https://github.com/SharePointOscar/ZSPharmaLiteratureApp.git +refs/heads/*:refs/remotes/origin/*
 > git rev-parse refs/remotes/origin/master^{commit} # timeout=10
 > git rev-parse refs/remotes/origin/origin/master^{commit} # timeout=10
Checking out Revision 058feec21f04fa3bd62c49f36665b2f52bfe95e6 (refs/remotes/origin/master)
 > git config core.sparsecheckout # timeout=10
 > git checkout -f 058feec21f04fa3bd62c49f36665b2f52bfe95e6
 > git rev-list 058feec21f04fa3bd62c49f36665b2f52bfe95e6 # timeout=10
[LiteratureNodeJSApp] $ /bin/sh -xe /tmp/hudson8611705758899111830.sh
+ echo /usr/lib/jvm/java-8-openjdk-amd64/bin:/var/jenkins_home/tools/jenkins.plugins.nodejs.tools.NodeJSInstallation/NodeJS_7.7.1/bin:/usr/lib/jvm/java-8-openjdk-amd64/bin:/usr/local/sbin:/usr/local/bin:/usr/sbin:/usr/bin:/sbin:/bin
/usr/lib/jvm/java-8-openjdk-amd64/bin:/var/jenkins_home/tools/jenkins.plugins.nodejs.tools.NodeJSInstallation/NodeJS_7.7.1/bin:/usr/lib/jvm/java-8-openjdk-amd64/bin:/usr/local/sbin:/usr/local/bin:/usr/sbin:/usr/bin:/sbin:/bin
+ node --version
v7.7.1
+ grunt --version
grunt-cli v1.2.0
grunt v0.4.2
[LiteratureNodeJSApp] $ docker build -t sharepointoscar/jenkins-slave --pull=true /var/jenkins_home/workspace/LiteratureNodeJSApp
ERROR: Cannot run program "docker" (in directory "/var/jenkins_home/workspace/LiteratureNodeJSApp"): error=2, No such file or directory
[8mha:////4Ohc+M5kCCfTUaAHpnDkOYNk5NGKe806qN6/xq9SUM4HAAAAWB+LCAAAAAAAAP9b85aBtbiIQSmjNKU4P08vOT+vOD8nVc8DzHWtSE4tKMnMz/PLL0ldFVf2c+b/lb5MDAwVRQxSaBqcITRIIQMEMIIUFgAAckCEiWAAAAA=[0mjava.io.IOException: Cannot run program "docker" (in directory "/var/jenkins_home/workspace/LiteratureNodeJSApp"): error=2, No such file or directory
	at java.lang.ProcessBuilder.start(ProcessBuilder.java:1048)
	at hudson.Proc$LocalProc.<init>(Proc.java:245)
	at hudson.Proc$LocalProc.<init>(Proc.java:214)
	at hudson.Launcher$LocalLauncher.launch(Launcher.java:846)
	at hudson.Launcher$ProcStarter.start(Launcher.java:384)
	at com.cloudbees.dockerpublish.DockerBuilder$Perform.executeCmd(DockerBuilder.java:487)
	at com.cloudbees.dockerpublish.DockerBuilder$Perform.executeCmd(DockerBuilder.java:431)
	at com.cloudbees.dockerpublish.DockerBuilder$Perform.buildAndTag(DockerBuilder.java:373)
	at com.cloudbees.dockerpublish.DockerBuilder$Perform.exec(DockerBuilder.java:311)
	at com.cloudbees.dockerpublish.DockerBuilder$Perform.access$100(DockerBuilder.java:291)
	at com.cloudbees.dockerpublish.DockerBuilder.perform(DockerBuilder.java:262)
	at hudson.tasks.BuildStepMonitor$1.perform(BuildStepMonitor.java:20)
	at hudson.model.AbstractBuild$AbstractBuildExecution.perform(AbstractBuild.java:779)
	at hudson.model.Build$BuildExecution.build(Build.java:205)
	at hudson.model.Build$BuildExecution.doRun(Build.java:162)
	at hudson.model.AbstractBuild$AbstractBuildExecution.run(AbstractBuild.java:534)
	at hudson.model.Run.execute(Run.java:1728)
	at hudson.model.FreeStyleBuild.run(FreeStyleBuild.java:43)
	at hudson.model.ResourceController.execute(ResourceController.java:98)
	at hudson.model.Executor.run(Executor.java:404)
Caused by: java.io.IOException: error=2, No such file or directory
	at java.lang.UNIXProcess.forkAndExec(Native Method)
	at java.lang.UNIXProcess.<init>(UNIXProcess.java:247)
	at java.lang.ProcessImpl.start(ProcessImpl.java:134)
	at java.lang.ProcessBuilder.start(ProcessBuilder.java:1029)
	... 19 more
Build step 'Docker Build and Publish' marked build as failure
Finished: FAILURE
